2025-03-02T23:23:19.036+01:00  INFO 4384 --- [FbReaderWeb] [restartedMain] c.e.FbReaderWeb.FbReaderWebApplication   : Starting FbReaderWebApplication using Java 23.0.1 with PID 4384 (C:\Users\huden\Desktop\FbReaderWeb1\target\classes started by huden in C:\Users\huden\Desktop\FbReaderWeb1)
2025-03-02T23:23:19.038+01:00 DEBUG 4384 --- [FbReaderWeb] [restartedMain] c.e.FbReaderWeb.FbReaderWebApplication   : Running with Spring Boot v3.3.5, Spring v6.1.14
2025-03-02T23:23:19.039+01:00  INFO 4384 --- [FbReaderWeb] [restartedMain] c.e.FbReaderWeb.FbReaderWebApplication   : No active profile set, falling back to 1 default profile: "default"
2025-03-02T23:23:19.106+01:00  INFO 4384 --- [FbReaderWeb] [restartedMain] .e.DevToolsPropertyDefaultsPostProcessor : Devtools property defaults active! Set 'spring.devtools.add-properties' to 'false' to disable
2025-03-02T23:23:19.107+01:00  INFO 4384 --- [FbReaderWeb] [restartedMain] .e.DevToolsPropertyDefaultsPostProcessor : For additional web related logging consider setting the 'logging.level.web' property to 'DEBUG'
2025-03-02T23:23:19.794+01:00  INFO 4384 --- [FbReaderWeb] [restartedMain] .s.d.r.c.RepositoryConfigurationDelegate : Bootstrapping Spring Data JPA repositories in DEFAULT mode.
2025-03-02T23:23:19.841+01:00  INFO 4384 --- [FbReaderWeb] [restartedMain] .s.d.r.c.RepositoryConfigurationDelegate : Finished Spring Data repository scanning in 40 ms. Found 2 JPA repository interfaces.
2025-03-02T23:23:20.378+01:00  INFO 4384 --- [FbReaderWeb] [restartedMain] o.s.b.w.embedded.tomcat.TomcatWebServer  : Tomcat initialized with port 8080 (http)
2025-03-02T23:23:20.392+01:00  INFO 4384 --- [FbReaderWeb] [restartedMain] o.apache.catalina.core.StandardService   : Starting service [Tomcat]
2025-03-02T23:23:20.392+01:00  INFO 4384 --- [FbReaderWeb] [restartedMain] o.apache.catalina.core.StandardEngine    : Starting Servlet engine: [Apache Tomcat/10.1.31]
2025-03-02T23:23:20.437+01:00  INFO 4384 --- [FbReaderWeb] [restartedMain] o.a.c.c.C.[Tomcat].[localhost].[/]       : Initializing Spring embedded WebApplicationContext
2025-03-02T23:23:20.438+01:00  INFO 4384 --- [FbReaderWeb] [restartedMain] w.s.c.ServletWebServerApplicationContext : Root WebApplicationContext: initialization completed in 1331 ms
2025-03-02T23:23:20.466+01:00  INFO 4384 --- [FbReaderWeb] [restartedMain] com.zaxxer.hikari.HikariDataSource       : HikariPool-1 - Starting...
2025-03-02T23:23:20.634+01:00  INFO 4384 --- [FbReaderWeb] [restartedMain] com.zaxxer.hikari.pool.HikariPool        : HikariPool-1 - Added connection com.mysql.cj.jdbc.ConnectionImpl@48ccdb39
2025-03-02T23:23:20.636+01:00  INFO 4384 --- [FbReaderWeb] [restartedMain] com.zaxxer.hikari.HikariDataSource       : HikariPool-1 - Start completed.
2025-03-02T23:23:20.646+01:00  INFO 4384 --- [FbReaderWeb] [restartedMain] o.s.b.a.h2.H2ConsoleAutoConfiguration    : H2 console available at '/h2-console'. Database available at 'jdbc:mysql://localhost:3306/fbreader?allowPublicKeyRetrieval=true&useSSL=false'
2025-03-02T23:23:20.758+01:00  INFO 4384 --- [FbReaderWeb] [restartedMain] o.hibernate.jpa.internal.util.LogHelper  : HHH000204: Processing PersistenceUnitInfo [name: default]
2025-03-02T23:23:20.803+01:00  INFO 4384 --- [FbReaderWeb] [restartedMain] org.hibernate.Version                    : HHH000412: Hibernate ORM core version 6.5.3.Final
2025-03-02T23:23:20.829+01:00  INFO 4384 --- [FbReaderWeb] [restartedMain] o.h.c.internal.RegionFactoryInitiator    : HHH000026: Second-level cache disabled
2025-03-02T23:23:21.125+01:00  INFO 4384 --- [FbReaderWeb] [restartedMain] o.s.o.j.p.SpringPersistenceUnitInfo      : No LoadTimeWeaver setup: ignoring JPA class transformer
2025-03-02T23:23:21.197+01:00  WARN 4384 --- [FbReaderWeb] [restartedMain] org.hibernate.orm.deprecation            : HHH90000025: MySQLDialect does not need to be specified explicitly using 'hibernate.dialect' (remove the property setting and it will be selected by default)
2025-03-02T23:23:22.083+01:00  INFO 4384 --- [FbReaderWeb] [restartedMain] o.h.e.t.j.p.i.JtaPlatformInitiator       : HHH000489: No JTA platform available (set 'hibernate.transaction.jta.platform' to enable JTA platform integration)
2025-03-02T23:23:22.165+01:00  INFO 4384 --- [FbReaderWeb] [restartedMain] j.LocalContainerEntityManagerFactoryBean : Initialized JPA EntityManagerFactory for persistence unit 'default'
2025-03-02T23:23:22.527+01:00  INFO 4384 --- [FbReaderWeb] [restartedMain] o.s.d.j.r.query.QueryEnhancerFactory     : Hibernate is in classpath; If applicable, HQL parser will be used.
2025-03-02T23:23:22.958+01:00  WARN 4384 --- [FbReaderWeb] [restartedMain] JpaBaseConfiguration$JpaWebConfiguration : spring.jpa.open-in-view is enabled by default. Therefore, database queries may be performed during view rendering. Explicitly configure spring.jpa.open-in-view to disable this warning
2025-03-02T23:23:22.988+01:00  INFO 4384 --- [FbReaderWeb] [restartedMain] r$InitializeUserDetailsManagerConfigurer : Global AuthenticationManager configured with UserDetailsService bean with name userDetailService
2025-03-02T23:23:23.514+01:00  INFO 4384 --- [FbReaderWeb] [restartedMain] o.s.b.d.a.OptionalLiveReloadServer       : LiveReload server is running on port 35729
2025-03-02T23:23:23.551+01:00  INFO 4384 --- [FbReaderWeb] [restartedMain] o.s.b.w.embedded.tomcat.TomcatWebServer  : Tomcat started on port 8080 (http) with context path '/'
2025-03-02T23:23:23.558+01:00  INFO 4384 --- [FbReaderWeb] [restartedMain] c.e.FbReaderWeb.FbReaderWebApplication   : Started FbReaderWebApplication in 4.917 seconds (process running for 5.581)
2025-03-02T23:23:34.777+01:00  INFO 4384 --- [FbReaderWeb] [http-nio-8080-exec-1] o.a.c.c.C.[Tomcat].[localhost].[/]       : Initializing Spring DispatcherServlet 'dispatcherServlet'
2025-03-02T23:23:34.777+01:00  INFO 4384 --- [FbReaderWeb] [http-nio-8080-exec-1] o.s.web.servlet.DispatcherServlet        : Initializing Servlet 'dispatcherServlet'
2025-03-02T23:23:34.778+01:00  INFO 4384 --- [FbReaderWeb] [http-nio-8080-exec-1] o.s.web.servlet.DispatcherServlet        : Completed initialization in 1 ms
2025-03-02T23:27:12.998+01:00  INFO 4384 --- [FbReaderWeb] [SpringApplicationShutdownHook] j.LocalContainerEntityManagerFactoryBean : Closing JPA EntityManagerFactory for persistence unit 'default'
2025-03-02T23:27:13.003+01:00  INFO 4384 --- [FbReaderWeb] [SpringApplicationShutdownHook] com.zaxxer.hikari.HikariDataSource       : HikariPool-1 - Shutdown initiated...
2025-03-02T23:27:13.009+01:00  INFO 4384 --- [FbReaderWeb] [SpringApplicationShutdownHook] com.zaxxer.hikari.HikariDataSource       : HikariPool-1 - Shutdown completed.
